D:\OOP-PROJECT FINISHED\PAINT_FOR_KIDS\DEBUG\PT PROJECT.BSC
C:\USERS\SAADM\DOWNLOADS\COMPRESSED\PAINT_FOR_KIDS-MASTER\OOP_FINAL---\DEBUG\PT PROJECT.BSC
D:\OOP-PROJECT FINISHED\PAINT_FOR_KIDS\DEBUG\VC110.PDB
D:\OOP-PROJECT FINISHED\PAINT_FOR_KIDS\DEBUG\ADDRECTACTION.SBR
D:\OOP-PROJECT FINISHED\PAINT_FOR_KIDS\DEBUG\ADDRECTACTION.OBJ
D:\OOP-PROJECT FINISHED\PAINT_FOR_KIDS\DEBUG\JUTILS.SBR
D:\OOP-PROJECT FINISHED\PAINT_FOR_KIDS\DEBUG\JQUANT2.SBR
D:\OOP-PROJECT FINISHED\PAINT_FOR_KIDS\DEBUG\JQUANT1.SBR
D:\OOP-PROJECT FINISHED\PAINT_FOR_KIDS\DEBUG\JMEMNOBS.SBR
D:\OOP-PROJECT FINISHED\PAINT_FOR_KIDS\DEBUG\JMEMMGR.SBR
D:\OOP-PROJECT FINISHED\PAINT_FOR_KIDS\DEBUG\JIDCTRED.SBR
D:\OOP-PROJECT FINISHED\PAINT_FOR_KIDS\DEBUG\JIDCTINT.SBR
D:\OOP-PROJECT FINISHED\PAINT_FOR_KIDS\DEBUG\JIDCTFST.SBR
D:\OOP-PROJECT FINISHED\PAINT_FOR_KIDS\DEBUG\JIDCTFLT.SBR
D:\OOP-PROJECT FINISHED\PAINT_FOR_KIDS\DEBUG\JERROR.SBR
D:\OOP-PROJECT FINISHED\PAINT_FOR_KIDS\DEBUG\JDTRANS.SBR
D:\OOP-PROJECT FINISHED\PAINT_FOR_KIDS\DEBUG\JDSAMPLE.SBR
D:\OOP-PROJECT FINISHED\PAINT_FOR_KIDS\DEBUG\JDPOSTCT.SBR
D:\OOP-PROJECT FINISHED\PAINT_FOR_KIDS\DEBUG\JDPHUFF.SBR
D:\OOP-PROJECT FINISHED\PAINT_FOR_KIDS\DEBUG\JDMERGE.SBR
D:\OOP-PROJECT FINISHED\PAINT_FOR_KIDS\DEBUG\JDMASTER.SBR
D:\OOP-PROJECT FINISHED\PAINT_FOR_KIDS\DEBUG\JDMARKER.SBR
D:\OOP-PROJECT FINISHED\PAINT_FOR_KIDS\DEBUG\JDMAINCT.SBR
D:\OOP-PROJECT FINISHED\PAINT_FOR_KIDS\DEBUG\JDINPUT.SBR
D:\OOP-PROJECT FINISHED\PAINT_FOR_KIDS\DEBUG\JDHUFF.SBR
D:\OOP-PROJECT FINISHED\PAINT_FOR_KIDS\DEBUG\JDHUFF.OBJ
D:\OOP-PROJECT FINISHED\PAINT_FOR_KIDS\DEBUG\JDINPUT.OBJ
D:\OOP-PROJECT FINISHED\PAINT_FOR_KIDS\DEBUG\JDMAINCT.OBJ
D:\OOP-PROJECT FINISHED\PAINT_FOR_KIDS\DEBUG\JDMARKER.OBJ
D:\OOP-PROJECT FINISHED\PAINT_FOR_KIDS\DEBUG\JDMASTER.OBJ
D:\OOP-PROJECT FINISHED\PAINT_FOR_KIDS\DEBUG\JDMERGE.OBJ
D:\OOP-PROJECT FINISHED\PAINT_FOR_KIDS\DEBUG\JDPHUFF.OBJ
D:\OOP-PROJECT FINISHED\PAINT_FOR_KIDS\DEBUG\JDPOSTCT.OBJ
D:\OOP-PROJECT FINISHED\PAINT_FOR_KIDS\DEBUG\JDSAMPLE.OBJ
D:\OOP-PROJECT FINISHED\PAINT_FOR_KIDS\DEBUG\JDTRANS.OBJ
D:\OOP-PROJECT FINISHED\PAINT_FOR_KIDS\DEBUG\JERROR.OBJ
D:\OOP-PROJECT FINISHED\PAINT_FOR_KIDS\DEBUG\JIDCTFLT.OBJ
D:\OOP-PROJECT FINISHED\PAINT_FOR_KIDS\DEBUG\JIDCTFST.OBJ
D:\OOP-PROJECT FINISHED\PAINT_FOR_KIDS\DEBUG\JIDCTINT.OBJ
D:\OOP-PROJECT FINISHED\PAINT_FOR_KIDS\DEBUG\JIDCTRED.OBJ
D:\OOP-PROJECT FINISHED\PAINT_FOR_KIDS\DEBUG\JMEMMGR.OBJ
D:\OOP-PROJECT FINISHED\PAINT_FOR_KIDS\DEBUG\JMEMNOBS.OBJ
D:\OOP-PROJECT FINISHED\PAINT_FOR_KIDS\DEBUG\JQUANT1.OBJ
D:\OOP-PROJECT FINISHED\PAINT_FOR_KIDS\DEBUG\JQUANT2.OBJ
D:\OOP-PROJECT FINISHED\PAINT_FOR_KIDS\DEBUG\JUTILS.OBJ
D:\OOP-PROJECT FINISHED\PAINT_FOR_KIDS\DEBUG\JDDCTMGR.SBR
D:\OOP-PROJECT FINISHED\PAINT_FOR_KIDS\DEBUG\JDCOLOR.SBR
D:\OOP-PROJECT FINISHED\PAINT_FOR_KIDS\DEBUG\JDCOEFCT.SBR
D:\OOP-PROJECT FINISHED\PAINT_FOR_KIDS\DEBUG\JDATASRC.SBR
D:\OOP-PROJECT FINISHED\PAINT_FOR_KIDS\DEBUG\JDAPISTD.SBR
D:\OOP-PROJECT FINISHED\PAINT_FOR_KIDS\DEBUG\JDAPIMIN.SBR
D:\OOP-PROJECT FINISHED\PAINT_FOR_KIDS\DEBUG\JCPARAM.SBR
D:\OOP-PROJECT FINISHED\PAINT_FOR_KIDS\DEBUG\JCOMAPI.SBR
D:\OOP-PROJECT FINISHED\PAINT_FOR_KIDS\DEBUG\JPEGLOAD.SBR
D:\OOP-PROJECT FINISHED\PAINT_FOR_KIDS\DEBUG\JPEGLOAD.OBJ
D:\OOP-PROJECT FINISHED\PAINT_FOR_KIDS\DEBUG\JCOMAPI.OBJ
D:\OOP-PROJECT FINISHED\PAINT_FOR_KIDS\DEBUG\JCPARAM.OBJ
D:\OOP-PROJECT FINISHED\PAINT_FOR_KIDS\DEBUG\JDAPIMIN.OBJ
D:\OOP-PROJECT FINISHED\PAINT_FOR_KIDS\DEBUG\JDAPISTD.OBJ
D:\OOP-PROJECT FINISHED\PAINT_FOR_KIDS\DEBUG\JDATASRC.OBJ
D:\OOP-PROJECT FINISHED\PAINT_FOR_KIDS\DEBUG\JDCOEFCT.OBJ
D:\OOP-PROJECT FINISHED\PAINT_FOR_KIDS\DEBUG\JDCOLOR.OBJ
D:\OOP-PROJECT FINISHED\PAINT_FOR_KIDS\DEBUG\JDDCTMGR.OBJ
D:\OOP-PROJECT FINISHED\PAINT_FOR_KIDS\DEBUG\PLAYSOUND.SBR
D:\OOP-PROJECT FINISHED\PAINT_FOR_KIDS\DEBUG\PLAYSOUND.OBJ
C:\USERS\SAADM\DOWNLOADS\COMPRESSED\PAINT_FOR_KIDS-MASTER\OOP_FINAL---\DEBUG\MAIN.SBR
C:\USERS\SAADM\DOWNLOADS\COMPRESSED\PAINT_FOR_KIDS-MASTER\OOP_FINAL---\DEBUG\OUTPUT.SBR
C:\USERS\SAADM\DOWNLOADS\COMPRESSED\PAINT_FOR_KIDS-MASTER\OOP_FINAL---\DEBUG\INPUT.SBR
C:\USERS\SAADM\DOWNLOADS\COMPRESSED\PAINT_FOR_KIDS-MASTER\OOP_FINAL---\DEBUG\CTRIANGLE.SBR
C:\USERS\SAADM\DOWNLOADS\COMPRESSED\PAINT_FOR_KIDS-MASTER\OOP_FINAL---\DEBUG\CRHOMBUS.SBR
C:\USERS\SAADM\DOWNLOADS\COMPRESSED\PAINT_FOR_KIDS-MASTER\OOP_FINAL---\DEBUG\CRECTANGLE.SBR
C:\USERS\SAADM\DOWNLOADS\COMPRESSED\PAINT_FOR_KIDS-MASTER\OOP_FINAL---\DEBUG\CLINE.SBR
C:\USERS\SAADM\DOWNLOADS\COMPRESSED\PAINT_FOR_KIDS-MASTER\OOP_FINAL---\DEBUG\CFIGURE.SBR
C:\USERS\SAADM\DOWNLOADS\COMPRESSED\PAINT_FOR_KIDS-MASTER\OOP_FINAL---\DEBUG\CELLIPSE.SBR
C:\USERS\SAADM\DOWNLOADS\COMPRESSED\PAINT_FOR_KIDS-MASTER\OOP_FINAL---\DEBUG\WINDOWINPUT.SBR
C:\USERS\SAADM\DOWNLOADS\COMPRESSED\PAINT_FOR_KIDS-MASTER\OOP_FINAL---\DEBUG\MOUSEQUEUE.SBR
C:\USERS\SAADM\DOWNLOADS\COMPRESSED\PAINT_FOR_KIDS-MASTER\OOP_FINAL---\DEBUG\KEYQUEUE.SBR
C:\USERS\SAADM\DOWNLOADS\COMPRESSED\PAINT_FOR_KIDS-MASTER\OOP_FINAL---\DEBUG\IMAGE.SBR
C:\USERS\SAADM\DOWNLOADS\COMPRESSED\PAINT_FOR_KIDS-MASTER\OOP_FINAL---\DEBUG\COLORS.SBR
C:\USERS\SAADM\DOWNLOADS\COMPRESSED\PAINT_FOR_KIDS-MASTER\OOP_FINAL---\DEBUG\CMUGRAPHICS.SBR
C:\USERS\SAADM\DOWNLOADS\COMPRESSED\PAINT_FOR_KIDS-MASTER\OOP_FINAL---\DEBUG\AUXIL.SBR
C:\USERS\SAADM\DOWNLOADS\COMPRESSED\PAINT_FOR_KIDS-MASTER\OOP_FINAL---\DEBUG\APPLICATIONMANAGER.SBR
C:\USERS\SAADM\DOWNLOADS\COMPRESSED\PAINT_FOR_KIDS-MASTER\OOP_FINAL---\DEBUG\SWITCHTOPLAYACTION.SBR
C:\USERS\SAADM\DOWNLOADS\COMPRESSED\PAINT_FOR_KIDS-MASTER\OOP_FINAL---\DEBUG\SWITCHTODRAWACTION.SBR
C:\USERS\SAADM\DOWNLOADS\COMPRESSED\PAINT_FOR_KIDS-MASTER\OOP_FINAL---\DEBUG\SELECT.SBR
C:\USERS\SAADM\DOWNLOADS\COMPRESSED\PAINT_FOR_KIDS-MASTER\OOP_FINAL---\DEBUG\SELECT.OBJ
C:\USERS\SAADM\DOWNLOADS\COMPRESSED\PAINT_FOR_KIDS-MASTER\OOP_FINAL---\DEBUG\SWITCHTODRAWACTION.OBJ
C:\USERS\SAADM\DOWNLOADS\COMPRESSED\PAINT_FOR_KIDS-MASTER\OOP_FINAL---\DEBUG\SWITCHTOPLAYACTION.OBJ
C:\USERS\SAADM\DOWNLOADS\COMPRESSED\PAINT_FOR_KIDS-MASTER\OOP_FINAL---\DEBUG\APPLICATIONMANAGER.OBJ
C:\USERS\SAADM\DOWNLOADS\COMPRESSED\PAINT_FOR_KIDS-MASTER\OOP_FINAL---\DEBUG\AUXIL.OBJ
C:\USERS\SAADM\DOWNLOADS\COMPRESSED\PAINT_FOR_KIDS-MASTER\OOP_FINAL---\DEBUG\CMUGRAPHICS.OBJ
C:\USERS\SAADM\DOWNLOADS\COMPRESSED\PAINT_FOR_KIDS-MASTER\OOP_FINAL---\DEBUG\COLORS.OBJ
C:\USERS\SAADM\DOWNLOADS\COMPRESSED\PAINT_FOR_KIDS-MASTER\OOP_FINAL---\DEBUG\IMAGE.OBJ
C:\USERS\SAADM\DOWNLOADS\COMPRESSED\PAINT_FOR_KIDS-MASTER\OOP_FINAL---\DEBUG\KEYQUEUE.OBJ
C:\USERS\SAADM\DOWNLOADS\COMPRESSED\PAINT_FOR_KIDS-MASTER\OOP_FINAL---\DEBUG\MOUSEQUEUE.OBJ
C:\USERS\SAADM\DOWNLOADS\COMPRESSED\PAINT_FOR_KIDS-MASTER\OOP_FINAL---\DEBUG\WINDOWINPUT.OBJ
C:\USERS\SAADM\DOWNLOADS\COMPRESSED\PAINT_FOR_KIDS-MASTER\OOP_FINAL---\DEBUG\CELLIPSE.OBJ
C:\USERS\SAADM\DOWNLOADS\COMPRESSED\PAINT_FOR_KIDS-MASTER\OOP_FINAL---\DEBUG\CFIGURE.OBJ
C:\USERS\SAADM\DOWNLOADS\COMPRESSED\PAINT_FOR_KIDS-MASTER\OOP_FINAL---\DEBUG\CLINE.OBJ
C:\USERS\SAADM\DOWNLOADS\COMPRESSED\PAINT_FOR_KIDS-MASTER\OOP_FINAL---\DEBUG\CRECTANGLE.OBJ
C:\USERS\SAADM\DOWNLOADS\COMPRESSED\PAINT_FOR_KIDS-MASTER\OOP_FINAL---\DEBUG\CRHOMBUS.OBJ
C:\USERS\SAADM\DOWNLOADS\COMPRESSED\PAINT_FOR_KIDS-MASTER\OOP_FINAL---\DEBUG\CTRIANGLE.OBJ
C:\USERS\SAADM\DOWNLOADS\COMPRESSED\PAINT_FOR_KIDS-MASTER\OOP_FINAL---\DEBUG\INPUT.OBJ
C:\USERS\SAADM\DOWNLOADS\COMPRESSED\PAINT_FOR_KIDS-MASTER\OOP_FINAL---\DEBUG\OUTPUT.OBJ
C:\USERS\SAADM\DOWNLOADS\COMPRESSED\PAINT_FOR_KIDS-MASTER\OOP_FINAL---\DEBUG\MAIN.OBJ
C:\USERS\SAADM\DOWNLOADS\COMPRESSED\PAINT_FOR_KIDS-MASTER\OOP_FINAL---\DEBUG\SAVEACTION.SBR
C:\USERS\SAADM\DOWNLOADS\COMPRESSED\PAINT_FOR_KIDS-MASTER\OOP_FINAL---\DEBUG\PLAYSOUND.SBR
C:\USERS\SAADM\DOWNLOADS\COMPRESSED\PAINT_FOR_KIDS-MASTER\OOP_FINAL---\DEBUG\PICKBYFIGURE.SBR
C:\USERS\SAADM\DOWNLOADS\COMPRESSED\PAINT_FOR_KIDS-MASTER\OOP_FINAL---\DEBUG\PICKBYCOLOUR.SBR
C:\USERS\SAADM\DOWNLOADS\COMPRESSED\PAINT_FOR_KIDS-MASTER\OOP_FINAL---\DEBUG\PASTEFIGACTION.SBR
C:\USERS\SAADM\DOWNLOADS\COMPRESSED\PAINT_FOR_KIDS-MASTER\OOP_FINAL---\DEBUG\LOADACTION.SBR
C:\USERS\SAADM\DOWNLOADS\COMPRESSED\PAINT_FOR_KIDS-MASTER\OOP_FINAL---\DEBUG\DELETEACTION.SBR
C:\USERS\SAADM\DOWNLOADS\COMPRESSED\PAINT_FOR_KIDS-MASTER\OOP_FINAL---\DEBUG\CUTFIGACTION.SBR
C:\USERS\SAADM\DOWNLOADS\COMPRESSED\PAINT_FOR_KIDS-MASTER\OOP_FINAL---\DEBUG\COPYFIGACTION.SBR
C:\USERS\SAADM\DOWNLOADS\COMPRESSED\PAINT_FOR_KIDS-MASTER\OOP_FINAL---\DEBUG\CHNAGEDRAWCOLORACTION.SBR
C:\USERS\SAADM\DOWNLOADS\COMPRESSED\PAINT_FOR_KIDS-MASTER\OOP_FINAL---\DEBUG\CHANGEFILLCOLORACTION.SBR
C:\USERS\SAADM\DOWNLOADS\COMPRESSED\PAINT_FOR_KIDS-MASTER\OOP_FINAL---\DEBUG\ADDTRIANGLEACTION.SBR
C:\USERS\SAADM\DOWNLOADS\COMPRESSED\PAINT_FOR_KIDS-MASTER\OOP_FINAL---\DEBUG\ADDRHOMBUSACTION.SBR
C:\USERS\SAADM\DOWNLOADS\COMPRESSED\PAINT_FOR_KIDS-MASTER\OOP_FINAL---\DEBUG\ADDRECTACTION.SBR
C:\USERS\SAADM\DOWNLOADS\COMPRESSED\PAINT_FOR_KIDS-MASTER\OOP_FINAL---\DEBUG\ADDLINEACTION.SBR
C:\USERS\SAADM\DOWNLOADS\COMPRESSED\PAINT_FOR_KIDS-MASTER\OOP_FINAL---\DEBUG\ADDELLIPSEACTION.SBR
C:\USERS\SAADM\DOWNLOADS\COMPRESSED\PAINT_FOR_KIDS-MASTER\OOP_FINAL---\DEBUG\ADDELLIPSEACTION.OBJ
C:\USERS\SAADM\DOWNLOADS\COMPRESSED\PAINT_FOR_KIDS-MASTER\OOP_FINAL---\DEBUG\ADDLINEACTION.OBJ
C:\USERS\SAADM\DOWNLOADS\COMPRESSED\PAINT_FOR_KIDS-MASTER\OOP_FINAL---\DEBUG\ADDRECTACTION.OBJ
C:\USERS\SAADM\DOWNLOADS\COMPRESSED\PAINT_FOR_KIDS-MASTER\OOP_FINAL---\DEBUG\ADDRHOMBUSACTION.OBJ
C:\USERS\SAADM\DOWNLOADS\COMPRESSED\PAINT_FOR_KIDS-MASTER\OOP_FINAL---\DEBUG\ADDTRIANGLEACTION.OBJ
C:\USERS\SAADM\DOWNLOADS\COMPRESSED\PAINT_FOR_KIDS-MASTER\OOP_FINAL---\DEBUG\CHANGEFILLCOLORACTION.OBJ
C:\USERS\SAADM\DOWNLOADS\COMPRESSED\PAINT_FOR_KIDS-MASTER\OOP_FINAL---\DEBUG\CHNAGEDRAWCOLORACTION.OBJ
C:\USERS\SAADM\DOWNLOADS\COMPRESSED\PAINT_FOR_KIDS-MASTER\OOP_FINAL---\DEBUG\COPYFIGACTION.OBJ
C:\USERS\SAADM\DOWNLOADS\COMPRESSED\PAINT_FOR_KIDS-MASTER\OOP_FINAL---\DEBUG\CUTFIGACTION.OBJ
C:\USERS\SAADM\DOWNLOADS\COMPRESSED\PAINT_FOR_KIDS-MASTER\OOP_FINAL---\DEBUG\DELETEACTION.OBJ
C:\USERS\SAADM\DOWNLOADS\COMPRESSED\PAINT_FOR_KIDS-MASTER\OOP_FINAL---\DEBUG\LOADACTION.OBJ
C:\USERS\SAADM\DOWNLOADS\COMPRESSED\PAINT_FOR_KIDS-MASTER\OOP_FINAL---\DEBUG\PASTEFIGACTION.OBJ
C:\USERS\SAADM\DOWNLOADS\COMPRESSED\PAINT_FOR_KIDS-MASTER\OOP_FINAL---\DEBUG\PICKBYCOLOUR.OBJ
C:\USERS\SAADM\DOWNLOADS\COMPRESSED\PAINT_FOR_KIDS-MASTER\OOP_FINAL---\DEBUG\PICKBYFIGURE.OBJ
C:\USERS\SAADM\DOWNLOADS\COMPRESSED\PAINT_FOR_KIDS-MASTER\OOP_FINAL---\DEBUG\PLAYSOUND.OBJ
C:\USERS\SAADM\DOWNLOADS\COMPRESSED\PAINT_FOR_KIDS-MASTER\OOP_FINAL---\DEBUG\SAVEACTION.OBJ
C:\USERS\SAADM\DOWNLOADS\COMPRESSED\PAINT_FOR_KIDS-MASTER\OOP_FINAL---\DEBUG\VC110.PDB
C:\USERS\SAADM\DOWNLOADS\COMPRESSED\PAINT_FOR_KIDS-MASTER\OOP_FINAL---\DEBUG\JUTILS.SBR
C:\USERS\SAADM\DOWNLOADS\COMPRESSED\PAINT_FOR_KIDS-MASTER\OOP_FINAL---\DEBUG\JQUANT2.SBR
C:\USERS\SAADM\DOWNLOADS\COMPRESSED\PAINT_FOR_KIDS-MASTER\OOP_FINAL---\DEBUG\JQUANT1.SBR
C:\USERS\SAADM\DOWNLOADS\COMPRESSED\PAINT_FOR_KIDS-MASTER\OOP_FINAL---\DEBUG\JMEMNOBS.SBR
C:\USERS\SAADM\DOWNLOADS\COMPRESSED\PAINT_FOR_KIDS-MASTER\OOP_FINAL---\DEBUG\JMEMMGR.SBR
C:\USERS\SAADM\DOWNLOADS\COMPRESSED\PAINT_FOR_KIDS-MASTER\OOP_FINAL---\DEBUG\JIDCTRED.SBR
C:\USERS\SAADM\DOWNLOADS\COMPRESSED\PAINT_FOR_KIDS-MASTER\OOP_FINAL---\DEBUG\JIDCTINT.SBR
C:\USERS\SAADM\DOWNLOADS\COMPRESSED\PAINT_FOR_KIDS-MASTER\OOP_FINAL---\DEBUG\JIDCTFST.SBR
C:\USERS\SAADM\DOWNLOADS\COMPRESSED\PAINT_FOR_KIDS-MASTER\OOP_FINAL---\DEBUG\JIDCTFLT.SBR
C:\USERS\SAADM\DOWNLOADS\COMPRESSED\PAINT_FOR_KIDS-MASTER\OOP_FINAL---\DEBUG\JERROR.SBR
C:\USERS\SAADM\DOWNLOADS\COMPRESSED\PAINT_FOR_KIDS-MASTER\OOP_FINAL---\DEBUG\JDTRANS.SBR
C:\USERS\SAADM\DOWNLOADS\COMPRESSED\PAINT_FOR_KIDS-MASTER\OOP_FINAL---\DEBUG\JDSAMPLE.SBR
C:\USERS\SAADM\DOWNLOADS\COMPRESSED\PAINT_FOR_KIDS-MASTER\OOP_FINAL---\DEBUG\JDPOSTCT.SBR
C:\USERS\SAADM\DOWNLOADS\COMPRESSED\PAINT_FOR_KIDS-MASTER\OOP_FINAL---\DEBUG\JDPHUFF.SBR
C:\USERS\SAADM\DOWNLOADS\COMPRESSED\PAINT_FOR_KIDS-MASTER\OOP_FINAL---\DEBUG\JDMERGE.SBR
C:\USERS\SAADM\DOWNLOADS\COMPRESSED\PAINT_FOR_KIDS-MASTER\OOP_FINAL---\DEBUG\JDMASTER.SBR
C:\USERS\SAADM\DOWNLOADS\COMPRESSED\PAINT_FOR_KIDS-MASTER\OOP_FINAL---\DEBUG\JDMARKER.SBR
C:\USERS\SAADM\DOWNLOADS\COMPRESSED\PAINT_FOR_KIDS-MASTER\OOP_FINAL---\DEBUG\JDMAINCT.SBR
C:\USERS\SAADM\DOWNLOADS\COMPRESSED\PAINT_FOR_KIDS-MASTER\OOP_FINAL---\DEBUG\JDINPUT.SBR
C:\USERS\SAADM\DOWNLOADS\COMPRESSED\PAINT_FOR_KIDS-MASTER\OOP_FINAL---\DEBUG\JDHUFF.SBR
C:\USERS\SAADM\DOWNLOADS\COMPRESSED\PAINT_FOR_KIDS-MASTER\OOP_FINAL---\DEBUG\JDHUFF.OBJ
C:\USERS\SAADM\DOWNLOADS\COMPRESSED\PAINT_FOR_KIDS-MASTER\OOP_FINAL---\DEBUG\JDINPUT.OBJ
C:\USERS\SAADM\DOWNLOADS\COMPRESSED\PAINT_FOR_KIDS-MASTER\OOP_FINAL---\DEBUG\JDMAINCT.OBJ
C:\USERS\SAADM\DOWNLOADS\COMPRESSED\PAINT_FOR_KIDS-MASTER\OOP_FINAL---\DEBUG\JDMARKER.OBJ
C:\USERS\SAADM\DOWNLOADS\COMPRESSED\PAINT_FOR_KIDS-MASTER\OOP_FINAL---\DEBUG\JDMASTER.OBJ
C:\USERS\SAADM\DOWNLOADS\COMPRESSED\PAINT_FOR_KIDS-MASTER\OOP_FINAL---\DEBUG\JDMERGE.OBJ
C:\USERS\SAADM\DOWNLOADS\COMPRESSED\PAINT_FOR_KIDS-MASTER\OOP_FINAL---\DEBUG\JDPHUFF.OBJ
C:\USERS\SAADM\DOWNLOADS\COMPRESSED\PAINT_FOR_KIDS-MASTER\OOP_FINAL---\DEBUG\JDPOSTCT.OBJ
C:\USERS\SAADM\DOWNLOADS\COMPRESSED\PAINT_FOR_KIDS-MASTER\OOP_FINAL---\DEBUG\JDSAMPLE.OBJ
C:\USERS\SAADM\DOWNLOADS\COMPRESSED\PAINT_FOR_KIDS-MASTER\OOP_FINAL---\DEBUG\JDTRANS.OBJ
C:\USERS\SAADM\DOWNLOADS\COMPRESSED\PAINT_FOR_KIDS-MASTER\OOP_FINAL---\DEBUG\JERROR.OBJ
C:\USERS\SAADM\DOWNLOADS\COMPRESSED\PAINT_FOR_KIDS-MASTER\OOP_FINAL---\DEBUG\JIDCTFLT.OBJ
C:\USERS\SAADM\DOWNLOADS\COMPRESSED\PAINT_FOR_KIDS-MASTER\OOP_FINAL---\DEBUG\JIDCTFST.OBJ
C:\USERS\SAADM\DOWNLOADS\COMPRESSED\PAINT_FOR_KIDS-MASTER\OOP_FINAL---\DEBUG\JIDCTINT.OBJ
C:\USERS\SAADM\DOWNLOADS\COMPRESSED\PAINT_FOR_KIDS-MASTER\OOP_FINAL---\DEBUG\JIDCTRED.OBJ
C:\USERS\SAADM\DOWNLOADS\COMPRESSED\PAINT_FOR_KIDS-MASTER\OOP_FINAL---\DEBUG\JMEMMGR.OBJ
C:\USERS\SAADM\DOWNLOADS\COMPRESSED\PAINT_FOR_KIDS-MASTER\OOP_FINAL---\DEBUG\JMEMNOBS.OBJ
C:\USERS\SAADM\DOWNLOADS\COMPRESSED\PAINT_FOR_KIDS-MASTER\OOP_FINAL---\DEBUG\JQUANT1.OBJ
C:\USERS\SAADM\DOWNLOADS\COMPRESSED\PAINT_FOR_KIDS-MASTER\OOP_FINAL---\DEBUG\JQUANT2.OBJ
C:\USERS\SAADM\DOWNLOADS\COMPRESSED\PAINT_FOR_KIDS-MASTER\OOP_FINAL---\DEBUG\JUTILS.OBJ
C:\USERS\SAADM\DOWNLOADS\COMPRESSED\PAINT_FOR_KIDS-MASTER\OOP_FINAL---\DEBUG\JDDCTMGR.SBR
C:\USERS\SAADM\DOWNLOADS\COMPRESSED\PAINT_FOR_KIDS-MASTER\OOP_FINAL---\DEBUG\JDCOLOR.SBR
C:\USERS\SAADM\DOWNLOADS\COMPRESSED\PAINT_FOR_KIDS-MASTER\OOP_FINAL---\DEBUG\JDCOEFCT.SBR
C:\USERS\SAADM\DOWNLOADS\COMPRESSED\PAINT_FOR_KIDS-MASTER\OOP_FINAL---\DEBUG\JDATASRC.SBR
C:\USERS\SAADM\DOWNLOADS\COMPRESSED\PAINT_FOR_KIDS-MASTER\OOP_FINAL---\DEBUG\JDAPISTD.SBR
C:\USERS\SAADM\DOWNLOADS\COMPRESSED\PAINT_FOR_KIDS-MASTER\OOP_FINAL---\DEBUG\JDAPIMIN.SBR
C:\USERS\SAADM\DOWNLOADS\COMPRESSED\PAINT_FOR_KIDS-MASTER\OOP_FINAL---\DEBUG\JCPARAM.SBR
C:\USERS\SAADM\DOWNLOADS\COMPRESSED\PAINT_FOR_KIDS-MASTER\OOP_FINAL---\DEBUG\JCOMAPI.SBR
C:\USERS\SAADM\DOWNLOADS\COMPRESSED\PAINT_FOR_KIDS-MASTER\OOP_FINAL---\DEBUG\JPEGLOAD.SBR
C:\USERS\SAADM\DOWNLOADS\COMPRESSED\PAINT_FOR_KIDS-MASTER\OOP_FINAL---\DEBUG\JPEGLOAD.OBJ
C:\USERS\SAADM\DOWNLOADS\COMPRESSED\PAINT_FOR_KIDS-MASTER\OOP_FINAL---\DEBUG\JCOMAPI.OBJ
C:\USERS\SAADM\DOWNLOADS\COMPRESSED\PAINT_FOR_KIDS-MASTER\OOP_FINAL---\DEBUG\JCPARAM.OBJ
C:\USERS\SAADM\DOWNLOADS\COMPRESSED\PAINT_FOR_KIDS-MASTER\OOP_FINAL---\DEBUG\JDAPIMIN.OBJ
C:\USERS\SAADM\DOWNLOADS\COMPRESSED\PAINT_FOR_KIDS-MASTER\OOP_FINAL---\DEBUG\JDAPISTD.OBJ
C:\USERS\SAADM\DOWNLOADS\COMPRESSED\PAINT_FOR_KIDS-MASTER\OOP_FINAL---\DEBUG\JDATASRC.OBJ
C:\USERS\SAADM\DOWNLOADS\COMPRESSED\PAINT_FOR_KIDS-MASTER\OOP_FINAL---\DEBUG\JDCOEFCT.OBJ
C:\USERS\SAADM\DOWNLOADS\COMPRESSED\PAINT_FOR_KIDS-MASTER\OOP_FINAL---\DEBUG\JDCOLOR.OBJ
C:\USERS\SAADM\DOWNLOADS\COMPRESSED\PAINT_FOR_KIDS-MASTER\OOP_FINAL---\DEBUG\JDDCTMGR.OBJ
C:\Users\saadm\Downloads\Compressed\Paint_for_kids-master\OOP_FINAL---\Debug\AddEllipseAction.obj
C:\Users\saadm\Downloads\Compressed\Paint_for_kids-master\OOP_FINAL---\Debug\AddLineAction.obj
C:\Users\saadm\Downloads\Compressed\Paint_for_kids-master\OOP_FINAL---\Debug\AddRectAction.obj
C:\Users\saadm\Downloads\Compressed\Paint_for_kids-master\OOP_FINAL---\Debug\AddRhombusAction.obj
C:\Users\saadm\Downloads\Compressed\Paint_for_kids-master\OOP_FINAL---\Debug\AddTriangleAction.obj
C:\Users\saadm\Downloads\Compressed\Paint_for_kids-master\OOP_FINAL---\Debug\ApplicationManager.obj
C:\Users\saadm\Downloads\Compressed\Paint_for_kids-master\OOP_FINAL---\Debug\auxil.obj
C:\Users\saadm\Downloads\Compressed\Paint_for_kids-master\OOP_FINAL---\Debug\CEllipse.obj
C:\Users\saadm\Downloads\Compressed\Paint_for_kids-master\OOP_FINAL---\Debug\CFigure.obj
C:\Users\saadm\Downloads\Compressed\Paint_for_kids-master\OOP_FINAL---\Debug\ChangeFillColorAction.obj
C:\Users\saadm\Downloads\Compressed\Paint_for_kids-master\OOP_FINAL---\Debug\ChnageDrawColorAction.obj
C:\Users\saadm\Downloads\Compressed\Paint_for_kids-master\OOP_FINAL---\Debug\CLine.obj
C:\Users\saadm\Downloads\Compressed\Paint_for_kids-master\OOP_FINAL---\Debug\CMUgraphics.obj
C:\Users\saadm\Downloads\Compressed\Paint_for_kids-master\OOP_FINAL---\Debug\colors.obj
C:\Users\saadm\Downloads\Compressed\Paint_for_kids-master\OOP_FINAL---\Debug\CopyFigAction.obj
C:\Users\saadm\Downloads\Compressed\Paint_for_kids-master\OOP_FINAL---\Debug\CRectangle.obj
C:\Users\saadm\Downloads\Compressed\Paint_for_kids-master\OOP_FINAL---\Debug\CRhombus.obj
C:\Users\saadm\Downloads\Compressed\Paint_for_kids-master\OOP_FINAL---\Debug\CTriangle.obj
C:\Users\saadm\Downloads\Compressed\Paint_for_kids-master\OOP_FINAL---\Debug\CutFigAction.obj
C:\Users\saadm\Downloads\Compressed\Paint_for_kids-master\OOP_FINAL---\Debug\DeleteAction.obj
C:\Users\saadm\Downloads\Compressed\Paint_for_kids-master\OOP_FINAL---\Debug\image.obj
C:\Users\saadm\Downloads\Compressed\Paint_for_kids-master\OOP_FINAL---\Debug\Input.obj
C:\Users\saadm\Downloads\Compressed\Paint_for_kids-master\OOP_FINAL---\Debug\jcomapi.obj
C:\Users\saadm\Downloads\Compressed\Paint_for_kids-master\OOP_FINAL---\Debug\jcparam.obj
C:\Users\saadm\Downloads\Compressed\Paint_for_kids-master\OOP_FINAL---\Debug\jdapimin.obj
C:\Users\saadm\Downloads\Compressed\Paint_for_kids-master\OOP_FINAL---\Debug\jdapistd.obj
C:\Users\saadm\Downloads\Compressed\Paint_for_kids-master\OOP_FINAL---\Debug\jdatasrc.obj
C:\Users\saadm\Downloads\Compressed\Paint_for_kids-master\OOP_FINAL---\Debug\jdcoefct.obj
C:\Users\saadm\Downloads\Compressed\Paint_for_kids-master\OOP_FINAL---\Debug\jdcolor.obj
C:\Users\saadm\Downloads\Compressed\Paint_for_kids-master\OOP_FINAL---\Debug\jddctmgr.obj
C:\Users\saadm\Downloads\Compressed\Paint_for_kids-master\OOP_FINAL---\Debug\jdhuff.obj
C:\Users\saadm\Downloads\Compressed\Paint_for_kids-master\OOP_FINAL---\Debug\jdinput.obj
C:\Users\saadm\Downloads\Compressed\Paint_for_kids-master\OOP_FINAL---\Debug\jdmainct.obj
C:\Users\saadm\Downloads\Compressed\Paint_for_kids-master\OOP_FINAL---\Debug\jdmarker.obj
C:\Users\saadm\Downloads\Compressed\Paint_for_kids-master\OOP_FINAL---\Debug\jdmaster.obj
C:\Users\saadm\Downloads\Compressed\Paint_for_kids-master\OOP_FINAL---\Debug\jdmerge.obj
C:\Users\saadm\Downloads\Compressed\Paint_for_kids-master\OOP_FINAL---\Debug\jdphuff.obj
C:\Users\saadm\Downloads\Compressed\Paint_for_kids-master\OOP_FINAL---\Debug\jdpostct.obj
C:\Users\saadm\Downloads\Compressed\Paint_for_kids-master\OOP_FINAL---\Debug\jdsample.obj
C:\Users\saadm\Downloads\Compressed\Paint_for_kids-master\OOP_FINAL---\Debug\jdtrans.obj
C:\Users\saadm\Downloads\Compressed\Paint_for_kids-master\OOP_FINAL---\Debug\jerror.obj
C:\Users\saadm\Downloads\Compressed\Paint_for_kids-master\OOP_FINAL---\Debug\jidctflt.obj
C:\Users\saadm\Downloads\Compressed\Paint_for_kids-master\OOP_FINAL---\Debug\jidctfst.obj
C:\Users\saadm\Downloads\Compressed\Paint_for_kids-master\OOP_FINAL---\Debug\jidctint.obj
C:\Users\saadm\Downloads\Compressed\Paint_for_kids-master\OOP_FINAL---\Debug\jidctred.obj
C:\Users\saadm\Downloads\Compressed\Paint_for_kids-master\OOP_FINAL---\Debug\jmemmgr.obj
C:\Users\saadm\Downloads\Compressed\Paint_for_kids-master\OOP_FINAL---\Debug\jmemnobs.obj
C:\Users\saadm\Downloads\Compressed\Paint_for_kids-master\OOP_FINAL---\Debug\jpegload.obj
C:\Users\saadm\Downloads\Compressed\Paint_for_kids-master\OOP_FINAL---\Debug\jquant1.obj
C:\Users\saadm\Downloads\Compressed\Paint_for_kids-master\OOP_FINAL---\Debug\jquant2.obj
C:\Users\saadm\Downloads\Compressed\Paint_for_kids-master\OOP_FINAL---\Debug\jutils.obj
C:\Users\saadm\Downloads\Compressed\Paint_for_kids-master\OOP_FINAL---\Debug\keyqueue.obj
C:\Users\saadm\Downloads\Compressed\Paint_for_kids-master\OOP_FINAL---\Debug\LoadAction.obj
C:\Users\saadm\Downloads\Compressed\Paint_for_kids-master\OOP_FINAL---\Debug\main.obj
C:\Users\saadm\Downloads\Compressed\Paint_for_kids-master\OOP_FINAL---\Debug\mousequeue.obj
C:\Users\saadm\Downloads\Compressed\Paint_for_kids-master\OOP_FINAL---\Debug\Output.obj
C:\Users\saadm\Downloads\Compressed\Paint_for_kids-master\OOP_FINAL---\Debug\PasteFigAction.obj
C:\Users\saadm\Downloads\Compressed\Paint_for_kids-master\OOP_FINAL---\Debug\PickByColour.obj
C:\Users\saadm\Downloads\Compressed\Paint_for_kids-master\OOP_FINAL---\Debug\PickByFigure.obj
C:\Users\saadm\Downloads\Compressed\Paint_for_kids-master\OOP_FINAL---\Debug\playSound.obj
C:\Users\saadm\Downloads\Compressed\Paint_for_kids-master\OOP_FINAL---\Debug\SaveAction.obj
C:\Users\saadm\Downloads\Compressed\Paint_for_kids-master\OOP_FINAL---\Debug\select.obj
C:\Users\saadm\Downloads\Compressed\Paint_for_kids-master\OOP_FINAL---\Debug\SwitchToDrawAction.obj
C:\Users\saadm\Downloads\Compressed\Paint_for_kids-master\OOP_FINAL---\Debug\SwitchToPlayAction.obj
C:\Users\saadm\Downloads\Compressed\Paint_for_kids-master\OOP_FINAL---\Debug\windowinput.obj
C:\Users\saadm\Downloads\Compressed\Paint_for_kids-master\OOP_FINAL---\Debug\BscMake.command.1.tlog
C:\Users\saadm\Downloads\Compressed\Paint_for_kids-master\OOP_FINAL---\Debug\bscmake.read.1.tlog
C:\Users\saadm\Downloads\Compressed\Paint_for_kids-master\OOP_FINAL---\Debug\bscmake.write.1.tlog
C:\Users\saadm\Downloads\Compressed\Paint_for_kids-master\OOP_FINAL---\Debug\cl.command.1.tlog
C:\Users\saadm\Downloads\Compressed\Paint_for_kids-master\OOP_FINAL---\Debug\CL.read.1.tlog
C:\Users\saadm\Downloads\Compressed\Paint_for_kids-master\OOP_FINAL---\Debug\CL.write.1.tlog
C:\Users\saadm\Downloads\Compressed\Paint_for_kids-master\OOP_FINAL---\Debug\link-cvtres.read.1.tlog
C:\Users\saadm\Downloads\Compressed\Paint_for_kids-master\OOP_FINAL---\Debug\link-cvtres.write.1.tlog
C:\Users\saadm\Downloads\Compressed\Paint_for_kids-master\OOP_FINAL---\Debug\link-rc.read.1.tlog
C:\Users\saadm\Downloads\Compressed\Paint_for_kids-master\OOP_FINAL---\Debug\link-rc.write.1.tlog
C:\Users\saadm\Downloads\Compressed\Paint_for_kids-master\OOP_FINAL---\Debug\link.13412-cvtres.read.1.tlog
C:\Users\saadm\Downloads\Compressed\Paint_for_kids-master\OOP_FINAL---\Debug\link.13412-cvtres.write.1.tlog
C:\Users\saadm\Downloads\Compressed\Paint_for_kids-master\OOP_FINAL---\Debug\link.13412-rc.read.1.tlog
C:\Users\saadm\Downloads\Compressed\Paint_for_kids-master\OOP_FINAL---\Debug\link.13412-rc.write.1.tlog
C:\Users\saadm\Downloads\Compressed\Paint_for_kids-master\OOP_FINAL---\Debug\link.13412.read.1.tlog
C:\Users\saadm\Downloads\Compressed\Paint_for_kids-master\OOP_FINAL---\Debug\link.13412.write.1.tlog
C:\Users\saadm\Downloads\Compressed\Paint_for_kids-master\OOP_FINAL---\Debug\link.13432-cvtres.read.1.tlog
C:\Users\saadm\Downloads\Compressed\Paint_for_kids-master\OOP_FINAL---\Debug\link.13432-cvtres.write.1.tlog
C:\Users\saadm\Downloads\Compressed\Paint_for_kids-master\OOP_FINAL---\Debug\link.13432-rc.read.1.tlog
C:\Users\saadm\Downloads\Compressed\Paint_for_kids-master\OOP_FINAL---\Debug\link.13432-rc.write.1.tlog
C:\Users\saadm\Downloads\Compressed\Paint_for_kids-master\OOP_FINAL---\Debug\link.13432.read.1.tlog
C:\Users\saadm\Downloads\Compressed\Paint_for_kids-master\OOP_FINAL---\Debug\link.13432.write.1.tlog
C:\Users\saadm\Downloads\Compressed\Paint_for_kids-master\OOP_FINAL---\Debug\link.14072-cvtres.read.1.tlog
C:\Users\saadm\Downloads\Compressed\Paint_for_kids-master\OOP_FINAL---\Debug\link.14072-cvtres.write.1.tlog
C:\Users\saadm\Downloads\Compressed\Paint_for_kids-master\OOP_FINAL---\Debug\link.14072-rc.read.1.tlog
C:\Users\saadm\Downloads\Compressed\Paint_for_kids-master\OOP_FINAL---\Debug\link.14072-rc.write.1.tlog
C:\Users\saadm\Downloads\Compressed\Paint_for_kids-master\OOP_FINAL---\Debug\link.14072.read.1.tlog
C:\Users\saadm\Downloads\Compressed\Paint_for_kids-master\OOP_FINAL---\Debug\link.14072.write.1.tlog
C:\Users\saadm\Downloads\Compressed\Paint_for_kids-master\OOP_FINAL---\Debug\link.14084-cvtres.read.1.tlog
C:\Users\saadm\Downloads\Compressed\Paint_for_kids-master\OOP_FINAL---\Debug\link.14084-cvtres.write.1.tlog
C:\Users\saadm\Downloads\Compressed\Paint_for_kids-master\OOP_FINAL---\Debug\link.14084-rc.read.1.tlog
C:\Users\saadm\Downloads\Compressed\Paint_for_kids-master\OOP_FINAL---\Debug\link.14084-rc.write.1.tlog
C:\Users\saadm\Downloads\Compressed\Paint_for_kids-master\OOP_FINAL---\Debug\link.14084.read.1.tlog
C:\Users\saadm\Downloads\Compressed\Paint_for_kids-master\OOP_FINAL---\Debug\link.14084.write.1.tlog
C:\Users\saadm\Downloads\Compressed\Paint_for_kids-master\OOP_FINAL---\Debug\link.18216-cvtres.read.1.tlog
C:\Users\saadm\Downloads\Compressed\Paint_for_kids-master\OOP_FINAL---\Debug\link.18216-cvtres.write.1.tlog
C:\Users\saadm\Downloads\Compressed\Paint_for_kids-master\OOP_FINAL---\Debug\link.18216-rc.read.1.tlog
C:\Users\saadm\Downloads\Compressed\Paint_for_kids-master\OOP_FINAL---\Debug\link.18216-rc.write.1.tlog
C:\Users\saadm\Downloads\Compressed\Paint_for_kids-master\OOP_FINAL---\Debug\link.18216.read.1.tlog
C:\Users\saadm\Downloads\Compressed\Paint_for_kids-master\OOP_FINAL---\Debug\link.18216.write.1.tlog
C:\Users\saadm\Downloads\Compressed\Paint_for_kids-master\OOP_FINAL---\Debug\link.18220-cvtres.read.1.tlog
C:\Users\saadm\Downloads\Compressed\Paint_for_kids-master\OOP_FINAL---\Debug\link.18220-cvtres.write.1.tlog
C:\Users\saadm\Downloads\Compressed\Paint_for_kids-master\OOP_FINAL---\Debug\link.18220-rc.read.1.tlog
C:\Users\saadm\Downloads\Compressed\Paint_for_kids-master\OOP_FINAL---\Debug\link.18220-rc.write.1.tlog
C:\Users\saadm\Downloads\Compressed\Paint_for_kids-master\OOP_FINAL---\Debug\link.18220.read.1.tlog
C:\Users\saadm\Downloads\Compressed\Paint_for_kids-master\OOP_FINAL---\Debug\link.18220.write.1.tlog
C:\Users\saadm\Downloads\Compressed\Paint_for_kids-master\OOP_FINAL---\Debug\link.18556-cvtres.read.1.tlog
C:\Users\saadm\Downloads\Compressed\Paint_for_kids-master\OOP_FINAL---\Debug\link.18556-cvtres.write.1.tlog
C:\Users\saadm\Downloads\Compressed\Paint_for_kids-master\OOP_FINAL---\Debug\link.18556-rc.read.1.tlog
C:\Users\saadm\Downloads\Compressed\Paint_for_kids-master\OOP_FINAL---\Debug\link.18556-rc.write.1.tlog
C:\Users\saadm\Downloads\Compressed\Paint_for_kids-master\OOP_FINAL---\Debug\link.18556.read.1.tlog
C:\Users\saadm\Downloads\Compressed\Paint_for_kids-master\OOP_FINAL---\Debug\link.18556.write.1.tlog
C:\Users\saadm\Downloads\Compressed\Paint_for_kids-master\OOP_FINAL---\Debug\link.19660-cvtres.read.1.tlog
C:\Users\saadm\Downloads\Compressed\Paint_for_kids-master\OOP_FINAL---\Debug\link.19660-cvtres.write.1.tlog
C:\Users\saadm\Downloads\Compressed\Paint_for_kids-master\OOP_FINAL---\Debug\link.19660-rc.read.1.tlog
C:\Users\saadm\Downloads\Compressed\Paint_for_kids-master\OOP_FINAL---\Debug\link.19660-rc.write.1.tlog
C:\Users\saadm\Downloads\Compressed\Paint_for_kids-master\OOP_FINAL---\Debug\link.19660.read.1.tlog
C:\Users\saadm\Downloads\Compressed\Paint_for_kids-master\OOP_FINAL---\Debug\link.19660.write.1.tlog
C:\Users\saadm\Downloads\Compressed\Paint_for_kids-master\OOP_FINAL---\Debug\link.20760-cvtres.read.1.tlog
C:\Users\saadm\Downloads\Compressed\Paint_for_kids-master\OOP_FINAL---\Debug\link.20760-cvtres.write.1.tlog
C:\Users\saadm\Downloads\Compressed\Paint_for_kids-master\OOP_FINAL---\Debug\link.20760-rc.read.1.tlog
C:\Users\saadm\Downloads\Compressed\Paint_for_kids-master\OOP_FINAL---\Debug\link.20760-rc.write.1.tlog
C:\Users\saadm\Downloads\Compressed\Paint_for_kids-master\OOP_FINAL---\Debug\link.20760.read.1.tlog
C:\Users\saadm\Downloads\Compressed\Paint_for_kids-master\OOP_FINAL---\Debug\link.20760.write.1.tlog
C:\Users\saadm\Downloads\Compressed\Paint_for_kids-master\OOP_FINAL---\Debug\link.400-cvtres.read.1.tlog
C:\Users\saadm\Downloads\Compressed\Paint_for_kids-master\OOP_FINAL---\Debug\link.400-cvtres.write.1.tlog
C:\Users\saadm\Downloads\Compressed\Paint_for_kids-master\OOP_FINAL---\Debug\link.400-rc.read.1.tlog
C:\Users\saadm\Downloads\Compressed\Paint_for_kids-master\OOP_FINAL---\Debug\link.400-rc.write.1.tlog
C:\Users\saadm\Downloads\Compressed\Paint_for_kids-master\OOP_FINAL---\Debug\link.400.read.1.tlog
C:\Users\saadm\Downloads\Compressed\Paint_for_kids-master\OOP_FINAL---\Debug\link.400.write.1.tlog
C:\Users\saadm\Downloads\Compressed\Paint_for_kids-master\OOP_FINAL---\Debug\link.4932-cvtres.read.1.tlog
C:\Users\saadm\Downloads\Compressed\Paint_for_kids-master\OOP_FINAL---\Debug\link.4932-cvtres.write.1.tlog
C:\Users\saadm\Downloads\Compressed\Paint_for_kids-master\OOP_FINAL---\Debug\link.4932-rc.read.1.tlog
C:\Users\saadm\Downloads\Compressed\Paint_for_kids-master\OOP_FINAL---\Debug\link.4932-rc.write.1.tlog
C:\Users\saadm\Downloads\Compressed\Paint_for_kids-master\OOP_FINAL---\Debug\link.4932.read.1.tlog
C:\Users\saadm\Downloads\Compressed\Paint_for_kids-master\OOP_FINAL---\Debug\link.4932.write.1.tlog
C:\Users\saadm\Downloads\Compressed\Paint_for_kids-master\OOP_FINAL---\Debug\link.8664-cvtres.read.1.tlog
C:\Users\saadm\Downloads\Compressed\Paint_for_kids-master\OOP_FINAL---\Debug\link.8664-cvtres.write.1.tlog
C:\Users\saadm\Downloads\Compressed\Paint_for_kids-master\OOP_FINAL---\Debug\link.8664-rc.read.1.tlog
C:\Users\saadm\Downloads\Compressed\Paint_for_kids-master\OOP_FINAL---\Debug\link.8664-rc.write.1.tlog
C:\Users\saadm\Downloads\Compressed\Paint_for_kids-master\OOP_FINAL---\Debug\link.8664.read.1.tlog
C:\Users\saadm\Downloads\Compressed\Paint_for_kids-master\OOP_FINAL---\Debug\link.8664.write.1.tlog
C:\Users\saadm\Downloads\Compressed\Paint_for_kids-master\OOP_FINAL---\Debug\link.8716-cvtres.read.1.tlog
C:\Users\saadm\Downloads\Compressed\Paint_for_kids-master\OOP_FINAL---\Debug\link.8716-cvtres.write.1.tlog
C:\Users\saadm\Downloads\Compressed\Paint_for_kids-master\OOP_FINAL---\Debug\link.8716-rc.read.1.tlog
C:\Users\saadm\Downloads\Compressed\Paint_for_kids-master\OOP_FINAL---\Debug\link.8716-rc.write.1.tlog
C:\Users\saadm\Downloads\Compressed\Paint_for_kids-master\OOP_FINAL---\Debug\link.8716.read.1.tlog
C:\Users\saadm\Downloads\Compressed\Paint_for_kids-master\OOP_FINAL---\Debug\link.8716.write.1.tlog
C:\Users\saadm\Downloads\Compressed\Paint_for_kids-master\OOP_FINAL---\Debug\link.8840-cvtres.read.1.tlog
C:\Users\saadm\Downloads\Compressed\Paint_for_kids-master\OOP_FINAL---\Debug\link.8840-cvtres.write.1.tlog
C:\Users\saadm\Downloads\Compressed\Paint_for_kids-master\OOP_FINAL---\Debug\link.8840-rc.read.1.tlog
C:\Users\saadm\Downloads\Compressed\Paint_for_kids-master\OOP_FINAL---\Debug\link.8840-rc.write.1.tlog
C:\Users\saadm\Downloads\Compressed\Paint_for_kids-master\OOP_FINAL---\Debug\link.8840.read.1.tlog
C:\Users\saadm\Downloads\Compressed\Paint_for_kids-master\OOP_FINAL---\Debug\link.8840.write.1.tlog
C:\Users\saadm\Downloads\Compressed\Paint_for_kids-master\OOP_FINAL---\Debug\link.9080-cvtres.read.1.tlog
C:\Users\saadm\Downloads\Compressed\Paint_for_kids-master\OOP_FINAL---\Debug\link.9080-cvtres.write.1.tlog
C:\Users\saadm\Downloads\Compressed\Paint_for_kids-master\OOP_FINAL---\Debug\link.9080-rc.read.1.tlog
C:\Users\saadm\Downloads\Compressed\Paint_for_kids-master\OOP_FINAL---\Debug\link.9080-rc.write.1.tlog
C:\Users\saadm\Downloads\Compressed\Paint_for_kids-master\OOP_FINAL---\Debug\link.9080.read.1.tlog
C:\Users\saadm\Downloads\Compressed\Paint_for_kids-master\OOP_FINAL---\Debug\link.9080.write.1.tlog
C:\Users\saadm\Downloads\Compressed\Paint_for_kids-master\OOP_FINAL---\Debug\link.9804-cvtres.read.1.tlog
C:\Users\saadm\Downloads\Compressed\Paint_for_kids-master\OOP_FINAL---\Debug\link.9804-cvtres.write.1.tlog
C:\Users\saadm\Downloads\Compressed\Paint_for_kids-master\OOP_FINAL---\Debug\link.9804-rc.read.1.tlog
C:\Users\saadm\Downloads\Compressed\Paint_for_kids-master\OOP_FINAL---\Debug\link.9804-rc.write.1.tlog
C:\Users\saadm\Downloads\Compressed\Paint_for_kids-master\OOP_FINAL---\Debug\link.9804.read.1.tlog
C:\Users\saadm\Downloads\Compressed\Paint_for_kids-master\OOP_FINAL---\Debug\link.9804.write.1.tlog
C:\Users\saadm\Downloads\Compressed\Paint_for_kids-master\OOP_FINAL---\Debug\link.command.1.tlog
C:\Users\saadm\Downloads\Compressed\Paint_for_kids-master\OOP_FINAL---\Debug\link.read.1.tlog
C:\Users\saadm\Downloads\Compressed\Paint_for_kids-master\OOP_FINAL---\Debug\link.write.1.tlog
C:\Users\saadm\Downloads\Compressed\Paint_for_kids-master\OOP_FINAL---\Debug\vc110.idb
C:\Users\saadm\Downloads\Compressed\Paint_for_kids-master\OOP_FINAL---\Debug\vc141.idb
C:\Users\saadm\Downloads\Compressed\Paint_for_kids-master\OOP_FINAL---\Debug\PT Project.pdb
C:\Users\saadm\Downloads\Compressed\Paint_for_kids-master\OOP_FINAL---\Debug\vc110.pdb
C:\Users\saadm\Downloads\Compressed\Paint_for_kids-master\OOP_FINAL---\Debug\vc141.pdb
C:\Users\saadm\Downloads\Compressed\Paint_for_kids-master\OOP_FINAL---\Debug\PT Project.bsc
C:\Users\saadm\Downloads\Compressed\Paint_for_kids-master\OOP_FINAL---\Debug\AddEllipseAction.sbr
C:\Users\saadm\Downloads\Compressed\Paint_for_kids-master\OOP_FINAL---\Debug\AddLineAction.sbr
C:\Users\saadm\Downloads\Compressed\Paint_for_kids-master\OOP_FINAL---\Debug\AddRectAction.sbr
C:\Users\saadm\Downloads\Compressed\Paint_for_kids-master\OOP_FINAL---\Debug\AddRhombusAction.sbr
C:\Users\saadm\Downloads\Compressed\Paint_for_kids-master\OOP_FINAL---\Debug\AddTriangleAction.sbr
C:\Users\saadm\Downloads\Compressed\Paint_for_kids-master\OOP_FINAL---\Debug\ApplicationManager.sbr
C:\Users\saadm\Downloads\Compressed\Paint_for_kids-master\OOP_FINAL---\Debug\auxil.sbr
C:\Users\saadm\Downloads\Compressed\Paint_for_kids-master\OOP_FINAL---\Debug\CEllipse.sbr
C:\Users\saadm\Downloads\Compressed\Paint_for_kids-master\OOP_FINAL---\Debug\CFigure.sbr
C:\Users\saadm\Downloads\Compressed\Paint_for_kids-master\OOP_FINAL---\Debug\ChangeFillColorAction.sbr
C:\Users\saadm\Downloads\Compressed\Paint_for_kids-master\OOP_FINAL---\Debug\ChnageDrawColorAction.sbr
C:\Users\saadm\Downloads\Compressed\Paint_for_kids-master\OOP_FINAL---\Debug\CLine.sbr
C:\Users\saadm\Downloads\Compressed\Paint_for_kids-master\OOP_FINAL---\Debug\CMUgraphics.sbr
C:\Users\saadm\Downloads\Compressed\Paint_for_kids-master\OOP_FINAL---\Debug\colors.sbr
C:\Users\saadm\Downloads\Compressed\Paint_for_kids-master\OOP_FINAL---\Debug\CopyFigAction.sbr
C:\Users\saadm\Downloads\Compressed\Paint_for_kids-master\OOP_FINAL---\Debug\CRectangle.sbr
C:\Users\saadm\Downloads\Compressed\Paint_for_kids-master\OOP_FINAL---\Debug\CRhombus.sbr
C:\Users\saadm\Downloads\Compressed\Paint_for_kids-master\OOP_FINAL---\Debug\CTriangle.sbr
C:\Users\saadm\Downloads\Compressed\Paint_for_kids-master\OOP_FINAL---\Debug\CutFigAction.sbr
C:\Users\saadm\Downloads\Compressed\Paint_for_kids-master\OOP_FINAL---\Debug\DeleteAction.sbr
C:\Users\saadm\Downloads\Compressed\Paint_for_kids-master\OOP_FINAL---\Debug\image.sbr
C:\Users\saadm\Downloads\Compressed\Paint_for_kids-master\OOP_FINAL---\Debug\Input.sbr
C:\Users\saadm\Downloads\Compressed\Paint_for_kids-master\OOP_FINAL---\Debug\jcomapi.sbr
C:\Users\saadm\Downloads\Compressed\Paint_for_kids-master\OOP_FINAL---\Debug\jcparam.sbr
C:\Users\saadm\Downloads\Compressed\Paint_for_kids-master\OOP_FINAL---\Debug\jdapimin.sbr
C:\Users\saadm\Downloads\Compressed\Paint_for_kids-master\OOP_FINAL---\Debug\jdapistd.sbr
C:\Users\saadm\Downloads\Compressed\Paint_for_kids-master\OOP_FINAL---\Debug\jdatasrc.sbr
C:\Users\saadm\Downloads\Compressed\Paint_for_kids-master\OOP_FINAL---\Debug\jdcoefct.sbr
C:\Users\saadm\Downloads\Compressed\Paint_for_kids-master\OOP_FINAL---\Debug\jdcolor.sbr
C:\Users\saadm\Downloads\Compressed\Paint_for_kids-master\OOP_FINAL---\Debug\jddctmgr.sbr
C:\Users\saadm\Downloads\Compressed\Paint_for_kids-master\OOP_FINAL---\Debug\jdhuff.sbr
C:\Users\saadm\Downloads\Compressed\Paint_for_kids-master\OOP_FINAL---\Debug\jdinput.sbr
C:\Users\saadm\Downloads\Compressed\Paint_for_kids-master\OOP_FINAL---\Debug\jdmainct.sbr
C:\Users\saadm\Downloads\Compressed\Paint_for_kids-master\OOP_FINAL---\Debug\jdmarker.sbr
C:\Users\saadm\Downloads\Compressed\Paint_for_kids-master\OOP_FINAL---\Debug\jdmaster.sbr
C:\Users\saadm\Downloads\Compressed\Paint_for_kids-master\OOP_FINAL---\Debug\jdmerge.sbr
C:\Users\saadm\Downloads\Compressed\Paint_for_kids-master\OOP_FINAL---\Debug\jdphuff.sbr
C:\Users\saadm\Downloads\Compressed\Paint_for_kids-master\OOP_FINAL---\Debug\jdpostct.sbr
C:\Users\saadm\Downloads\Compressed\Paint_for_kids-master\OOP_FINAL---\Debug\jdsample.sbr
C:\Users\saadm\Downloads\Compressed\Paint_for_kids-master\OOP_FINAL---\Debug\jdtrans.sbr
C:\Users\saadm\Downloads\Compressed\Paint_for_kids-master\OOP_FINAL---\Debug\jerror.sbr
C:\Users\saadm\Downloads\Compressed\Paint_for_kids-master\OOP_FINAL---\Debug\jidctflt.sbr
C:\Users\saadm\Downloads\Compressed\Paint_for_kids-master\OOP_FINAL---\Debug\jidctfst.sbr
C:\Users\saadm\Downloads\Compressed\Paint_for_kids-master\OOP_FINAL---\Debug\jidctint.sbr
C:\Users\saadm\Downloads\Compressed\Paint_for_kids-master\OOP_FINAL---\Debug\jidctred.sbr
C:\Users\saadm\Downloads\Compressed\Paint_for_kids-master\OOP_FINAL---\Debug\jmemmgr.sbr
C:\Users\saadm\Downloads\Compressed\Paint_for_kids-master\OOP_FINAL---\Debug\jmemnobs.sbr
C:\Users\saadm\Downloads\Compressed\Paint_for_kids-master\OOP_FINAL---\Debug\jpegload.sbr
C:\Users\saadm\Downloads\Compressed\Paint_for_kids-master\OOP_FINAL---\Debug\jquant1.sbr
C:\Users\saadm\Downloads\Compressed\Paint_for_kids-master\OOP_FINAL---\Debug\jquant2.sbr
C:\Users\saadm\Downloads\Compressed\Paint_for_kids-master\OOP_FINAL---\Debug\jutils.sbr
C:\Users\saadm\Downloads\Compressed\Paint_for_kids-master\OOP_FINAL---\Debug\keyqueue.sbr
C:\Users\saadm\Downloads\Compressed\Paint_for_kids-master\OOP_FINAL---\Debug\LoadAction.sbr
C:\Users\saadm\Downloads\Compressed\Paint_for_kids-master\OOP_FINAL---\Debug\main.sbr
C:\Users\saadm\Downloads\Compressed\Paint_for_kids-master\OOP_FINAL---\Debug\mousequeue.sbr
C:\Users\saadm\Downloads\Compressed\Paint_for_kids-master\OOP_FINAL---\Debug\Output.sbr
C:\Users\saadm\Downloads\Compressed\Paint_for_kids-master\OOP_FINAL---\Debug\PasteFigAction.sbr
C:\Users\saadm\Downloads\Compressed\Paint_for_kids-master\OOP_FINAL---\Debug\PickByColour.sbr
C:\Users\saadm\Downloads\Compressed\Paint_for_kids-master\OOP_FINAL---\Debug\PickByFigure.sbr
C:\Users\saadm\Downloads\Compressed\Paint_for_kids-master\OOP_FINAL---\Debug\playSound.sbr
C:\Users\saadm\Downloads\Compressed\Paint_for_kids-master\OOP_FINAL---\Debug\SaveAction.sbr
C:\Users\saadm\Downloads\Compressed\Paint_for_kids-master\OOP_FINAL---\Debug\select.sbr
C:\Users\saadm\Downloads\Compressed\Paint_for_kids-master\OOP_FINAL---\Debug\SwitchToDrawAction.sbr
C:\Users\saadm\Downloads\Compressed\Paint_for_kids-master\OOP_FINAL---\Debug\SwitchToPlayAction.sbr
C:\Users\saadm\Downloads\Compressed\Paint_for_kids-master\OOP_FINAL---\Debug\windowinput.sbr
